<?xml version="1.0" encoding="UTF-8"?>
<!-- Generated by org.testng.reporters.JUnitReportReporter -->
<testsuite hostname="DESKTOP-FACJPKP" failures="0" tests="1" name="DemoTest.AirIndia.BookAFlightTest" time="115.498" errors="0" timestamp="2023-03-05T12:39:48 IST" skipped="0">
  <testcase classname="DemoTest.AirIndia.BookAFlightTest" name="BookAFlight" time="115.498"/>
  <system-out/>
</testsuite> <!-- DemoTest.AirIndia.BookAFlightTest -->
